<?xml version="1.0" encoding="UTF-8"?>
<!-- Generated by org.testng.reporters.JUnitReportReporter -->
<testsuite skipped="0" hostname="LAPTOP-LPUGEO8E" name="test.AddCustomerTest" tests="1" failures="0" timestamp="2023-02-21T22:57:57 CST" time="6.475" errors="0">
  <testcase name="userShouldBeAbleToAddCustomer" time="6.475" classname="test.AddCustomerTest"/>
  <system-out/>
</testsuite> <!-- test.AddCustomerTest -->
