<?xml version="1.0" encoding="UTF-8"?>
<!-- Generated by org.testng.reporters.JUnitReportReporter -->
<testsuite skipped="0" hostname="LAPTOP-LPUGEO8E" name="test.LoginTest" tests="1" failures="0" timestamp="2023-02-21T22:04:15 CST" time="5.912" errors="0">
  <testcase name="validUserShouldBeAbleToLogIn" time="5.912" classname="test.LoginTest"/>
  <system-out/>
</testsuite> <!-- test.LoginTest -->
